c:\users\liviu\desktop 1\opengl\engine\engine\debug\vc120.pdb
c:\users\liviu\desktop 1\opengl\engine\engine\debug\vc120.idb
c:\users\liviu\desktop 1\opengl\engine\engine\debug\main.obj
c:\users\liviu\desktop 1\opengl\engine\engine\debug\display.obj
c:\users\liviu\desktop 1\opengl\engine\debug\engine.pdb
c:\users\liviu\desktop 1\opengl\engine\engine\debug\engine.tlog\cl.command.1.tlog
c:\users\liviu\desktop 1\opengl\engine\engine\debug\engine.tlog\cl.read.1.tlog
c:\users\liviu\desktop 1\opengl\engine\engine\debug\engine.tlog\cl.write.1.tlog
c:\users\liviu\desktop 1\opengl\engine\engine\debug\engine.tlog\link-cvtres.read.1.tlog
c:\users\liviu\desktop 1\opengl\engine\engine\debug\engine.tlog\link-cvtres.write.1.tlog
c:\users\liviu\desktop 1\opengl\engine\engine\debug\engine.tlog\link-rc.read.1.tlog
c:\users\liviu\desktop 1\opengl\engine\engine\debug\engine.tlog\link-rc.write.1.tlog
c:\users\liviu\desktop 1\opengl\engine\engine\debug\engine.tlog\link.7036-cvtres.read.1.tlog
c:\users\liviu\desktop 1\opengl\engine\engine\debug\engine.tlog\link.7036-cvtres.write.1.tlog
c:\users\liviu\desktop 1\opengl\engine\engine\debug\engine.tlog\link.7036-rc.read.1.tlog
c:\users\liviu\desktop 1\opengl\engine\engine\debug\engine.tlog\link.7036-rc.write.1.tlog
c:\users\liviu\desktop 1\opengl\engine\engine\debug\engine.tlog\link.7036.read.1.tlog
c:\users\liviu\desktop 1\opengl\engine\engine\debug\engine.tlog\link.7036.write.1.tlog
c:\users\liviu\desktop 1\opengl\engine\engine\debug\engine.tlog\link.command.1.tlog
c:\users\liviu\desktop 1\opengl\engine\engine\debug\engine.tlog\link.read.1.tlog
c:\users\liviu\desktop 1\opengl\engine\engine\debug\engine.tlog\link.write.1.tlog
