Build started 2/3/2016 11:31:47 PM.
     1>Project "D:\Development\G_OpenGL\GAME ENGINE\UPIT\Engine\Engine\Engine.vcxproj" on node 2 (Build target(s)).
     1>Link:
         C:\Program Files (x86)\Microsoft Visual Studio 14.0\VC\bin\x86_amd64\link.exe /ERRORREPORT:PROMPT /OUT:"D:\Development\G_OpenGL\GAME ENGINE\UPIT\Engine\x64\Debug\Engine.exe" /INCREMENTAL /NOLOGO /LIBPATH:"D:\Development\G_OpenGL\GAME ENGINE\UPIT\Engine\Engine\lib" /LIBPATH:.\lib glew32.lib glew32s.lib SDL2.lib SDL2main.lib SDL2test.lib OpenGL32.lib kernel32.lib user32.lib gdi32.lib winspool.lib comdlg32.lib advapi32.lib shell32.lib ole32.lib oleaut32.lib uuid.lib odbc32.lib odbccp32.lib /MANIFEST /MANIFESTUAC:"level='asInvoker' uiAccess='false'" /manifest:embed /Debug /PDB:"D:\Development\G_OpenGL\GAME ENGINE\UPIT\Engine\x64\Debug\Engine.pdb" /SUBSYSTEM:CONSOLE /TLBID:1 /DYNAMICBASE /NXCOMPAT /IMPLIB:"D:\Development\G_OpenGL\GAME ENGINE\UPIT\Engine\x64\Debug\Engine.lib" /MACHINE:X64 x64\Debug\display.obj
         x64\Debug\main.obj
         x64\Debug\mesh.obj
         x64\Debug\obj_loader.obj
         x64\Debug\shader.obj
         x64\Debug\stb_image.obj
         x64\Debug\texture.obj
     1>display.obj : error LNK2019: unresolved external symbol SDL_CreateWindow referenced in function "public: __cdecl Display::Display(int,int,class std::basic_string<char,struct std::char_traits<char>,class std::allocator<char> > const &)" (??0Display@@QEAA@HHAEBV?$basic_string@DU?$char_traits@D@std@@V?$allocator@D@2@@std@@@Z)
     1>display.obj : error LNK2019: unresolved external symbol SDL_DestroyWindow referenced in function "public: virtual __cdecl Display::~Display(void)" (??1Display@@UEAA@XZ)
     1>display.obj : error LNK2019: unresolved external symbol SDL_GL_SetAttribute referenced in function "public: __cdecl Display::Display(int,int,class std::basic_string<char,struct std::char_traits<char>,class std::allocator<char> > const &)" (??0Display@@QEAA@HHAEBV?$basic_string@DU?$char_traits@D@std@@V?$allocator@D@2@@std@@@Z)
     1>display.obj : error LNK2019: unresolved external symbol SDL_GL_CreateContext referenced in function "public: __cdecl Display::Display(int,int,class std::basic_string<char,struct std::char_traits<char>,class std::allocator<char> > const &)" (??0Display@@QEAA@HHAEBV?$basic_string@DU?$char_traits@D@std@@V?$allocator@D@2@@std@@@Z)
     1>display.obj : error LNK2019: unresolved external symbol SDL_GL_SwapWindow referenced in function "public: void __cdecl Display::Update(class Transform &)" (?Update@Display@@QEAAXAEAVTransform@@@Z)
     1>display.obj : error LNK2019: unresolved external symbol SDL_GL_DeleteContext referenced in function "public: virtual __cdecl Display::~Display(void)" (??1Display@@UEAA@XZ)
     1>display.obj : error LNK2019: unresolved external symbol SDL_PollEvent referenced in function "public: void __cdecl Display::Update(class Transform &)" (?Update@Display@@QEAAXAEAVTransform@@@Z)
     1>display.obj : error LNK2019: unresolved external symbol SDL_Init referenced in function "public: __cdecl Display::Display(int,int,class std::basic_string<char,struct std::char_traits<char>,class std::allocator<char> > const &)" (??0Display@@QEAA@HHAEBV?$basic_string@DU?$char_traits@D@std@@V?$allocator@D@2@@std@@@Z)
     1>display.obj : error LNK2019: unresolved external symbol SDL_Quit referenced in function "public: virtual __cdecl Display::~Display(void)" (??1Display@@UEAA@XZ)
     1>MSVCRTD.lib(exe_main.obj) : error LNK2019: unresolved external symbol main referenced in function "int __cdecl invoke_main(void)" (?invoke_main@@YAHXZ)
     1>D:\Development\G_OpenGL\GAME ENGINE\UPIT\Engine\Engine\lib\SDL2.lib : warning LNK4272: library machine type 'X86' conflicts with target machine type 'x64'
     1>D:\Development\G_OpenGL\GAME ENGINE\UPIT\Engine\Engine\lib\SDL2main.lib : warning LNK4272: library machine type 'X86' conflicts with target machine type 'x64'
     1>D:\Development\G_OpenGL\GAME ENGINE\UPIT\Engine\x64\Debug\Engine.exe : fatal error LNK1120: 10 unresolved externals
     1>Done Building Project "D:\Development\G_OpenGL\GAME ENGINE\UPIT\Engine\Engine\Engine.vcxproj" (Build target(s)) -- FAILED.

Project Performance Summary:
     4031 ms  D:\Development\G_OpenGL\GAME ENGINE\UPIT\Engine\Engine\Engine.vcxproj   1 calls
               4031 ms  Build                                      1 calls

Target Performance Summary:
        0 ms  AfterBuildCompileEvent                     1 calls
        0 ms  PreLinkEvent                               1 calls
        0 ms  AfterMidl                                  1 calls
        0 ms  BeforeResourceCompile                      1 calls
        0 ms  ComputeCLInputPDBName                      1 calls
        0 ms  BeforeLink                                 1 calls
        0 ms  ResolveAssemblyReferences                  1 calls
        0 ms  CreateCustomManifestResourceNames          1 calls
        0 ms  GetReferenceAssemblyPaths                  1 calls
        0 ms  FixupCLCompileOptions                      1 calls
        0 ms  _ClCompile                                 1 calls
        0 ms  SelectCustomBuild                          1 calls
        0 ms  _Midl                                      1 calls
        0 ms  _SelectedFiles                             1 calls
        0 ms  _PrepareForReferenceResolution             1 calls
        0 ms  GetResolvedWinMD                           1 calls
        0 ms  ResolveReferences                          1 calls
        0 ms  ComputeManifestGeneratedLinkerInputs       1 calls
        0 ms  AfterBuildGenerateSources                  1 calls
        0 ms  BuildCompileTraverse                       1 calls
        0 ms  ExpandSDKReferences                        1 calls
        0 ms  ComputeRCOutputs                           1 calls
        0 ms  ComputeManifestInputsTargets               1 calls
        0 ms  BuildLinkTraverse                          1 calls
        0 ms  ComputeLinkInputsFromProject               1 calls
        0 ms  _ResourceCompile                           1 calls
        0 ms  _Xsd                                       1 calls
        0 ms  AfterResourceCompile                       1 calls
        0 ms  BuildGenerateSources                       1 calls
        0 ms  SelectClCompile                            1 calls
        0 ms  MakeDirsForLink                            1 calls
        0 ms  ComputeMIDLGeneratedCompileInputs          1 calls
        0 ms  BeforeBuildGenerateSources                 1 calls
        0 ms  ComputeLegacyManifestEmbedding             1 calls
        0 ms  BuildGenerateSourcesTraverse               1 calls
        0 ms  ResolveProjectReferences                   1 calls
        0 ms  ComputeCLGeneratedLinkInputs               1 calls
        0 ms  ResolveSDKReferences                       1 calls
        0 ms  _BuildGenerateSourcesAction                1 calls
        0 ms  MakeDirsForMidl                            1 calls
        0 ms  BeforeResolveReferences                    1 calls
        0 ms  AfterResolveReferences                     1 calls
        0 ms  BeforeClCompile                            1 calls
        0 ms  AfterBuildGenerateSourcesEvent             1 calls
        0 ms  PreBuildEvent                              1 calls
        0 ms  ComputeRCGeneratedLinkInputs               1 calls
        0 ms  AfterClCompile                             1 calls
        0 ms  PlatformPrepareForBuild                    1 calls
        0 ms  GetInstalledSDKLocations                   1 calls
        0 ms  _BuildCompileAction                        1 calls
        0 ms  BuildCompile                               1 calls
        0 ms  PrepareResourceNames                       1 calls
        1 ms  MakeDirsForCl                              1 calls
        1 ms  _PrepareForBuild                           1 calls
        1 ms  AssignProjectConfiguration                 1 calls
        1 ms  ComputeReferenceCLInput                    1 calls
        1 ms  GetFrameworkPaths                          1 calls
        1 ms  ComputeLinkSwitches                        1 calls
        1 ms  SplitResourcesByCulture                    1 calls
        1 ms  DoLinkOutputFilesMatch                     1 calls
        1 ms  ComputeCLOutputs                           1 calls
        1 ms  AssignTargetPaths                          1 calls
        1 ms  _SplitProjectReferencesByFileExistence     1 calls
        1 ms  MakeDirsForResourceCompile                 1 calls
        2 ms  WarnCompileDuplicatedFilename              1 calls
        3 ms  ComputeCustomBuildOutput                   1 calls
        4 ms  SetBuildDefaultEnvironmentVariables        1 calls
       10 ms  PrepareForBuild                            1 calls
       32 ms  InitializeBuildStatus                      1 calls
       38 ms  _CheckForInvalidConfigurationAndPlatform   1 calls
      158 ms  ClCompile                                  1 calls
     1181 ms  SetCABuildNativeEnvironmentVariables       1 calls
     2575 ms  Link                                       1 calls

Build FAILED.

Time Elapsed 00:00:03.98
