d:\development\g_opengl\game engine\upit\engine\engine\x64\debug\vc140.pdb
d:\development\g_opengl\game engine\upit\engine\engine\x64\debug\vc140.idb
d:\development\g_opengl\game engine\upit\engine\engine\x64\debug\display.obj
d:\development\g_opengl\game engine\upit\engine\engine\x64\debug\main.obj
d:\development\g_opengl\game engine\upit\engine\engine\x64\debug\mesh.obj
d:\development\g_opengl\game engine\upit\engine\engine\x64\debug\obj_loader.obj
d:\development\g_opengl\game engine\upit\engine\engine\x64\debug\shader.obj
d:\development\g_opengl\game engine\upit\engine\engine\x64\debug\texture.obj
d:\development\g_opengl\game engine\upit\engine\engine\x64\debug\stb_image.obj
d:\development\g_opengl\game engine\upit\engine\x64\debug\engine.pdb
d:\development\g_opengl\game engine\upit\engine\engine\x64\debug\engine.tlog\cl.command.1.tlog
d:\development\g_opengl\game engine\upit\engine\engine\x64\debug\engine.tlog\cl.read.1.tlog
d:\development\g_opengl\game engine\upit\engine\engine\x64\debug\engine.tlog\cl.write.1.tlog
d:\development\g_opengl\game engine\upit\engine\engine\x64\debug\engine.tlog\link-cvtres.read.1.tlog
d:\development\g_opengl\game engine\upit\engine\engine\x64\debug\engine.tlog\link-cvtres.write.1.tlog
d:\development\g_opengl\game engine\upit\engine\engine\x64\debug\engine.tlog\link-rc.read.1.tlog
d:\development\g_opengl\game engine\upit\engine\engine\x64\debug\engine.tlog\link-rc.write.1.tlog
d:\development\g_opengl\game engine\upit\engine\engine\x64\debug\engine.tlog\link.command.1.tlog
d:\development\g_opengl\game engine\upit\engine\engine\x64\debug\engine.tlog\link.read.1.tlog
d:\development\g_opengl\game engine\upit\engine\engine\x64\debug\engine.tlog\link.write.1.tlog
